  stdafx.cpp
  Direct2D.cpp
C:\Users\Administrator\Source\Repos\CompterGraphics01\WindowsPrograming\Direct2D_Overlap\Direct2D\Direct2D.cpp(70,18): warning C4244: '초기화 중': 'double'에서 'float'(으)로 변환하면서 데이터가 손실될 수 있습니다.
  (소스 파일 '/Direct2D.cpp'을(를) 컴파일하는 중)
  
C:\Users\Administrator\Source\Repos\CompterGraphics01\WindowsPrograming\Direct2D_Overlap\Direct2D\Direct2D.cpp(140,56): warning C4244: '인수': 'int'에서 'FLOAT'(으)로 변환하면서 데이터가 손실될 수 있습니다.
  (소스 파일 '/Direct2D.cpp'을(를) 컴파일하는 중)
  
C:\Users\Administrator\Source\Repos\CompterGraphics01\WindowsPrograming\Direct2D_Overlap\Direct2D\Direct2D.cpp(295,12): warning C4101: 'wmEvent' :참조되지 않은 지역 변수입니다.
  (소스 파일 '/Direct2D.cpp'을(를) 컴파일하는 중)
  
C:\Users\Administrator\Source\Repos\CompterGraphics01\WindowsPrograming\Direct2D_Overlap\Direct2D\Direct2D.cpp(295,6): warning C4101: 'wmId' :참조되지 않은 지역 변수입니다.
  (소스 파일 '/Direct2D.cpp'을(를) 컴파일하는 중)
  
C:\Users\Administrator\Source\Repos\CompterGraphics01\WindowsPrograming\Direct2D_Overlap\Direct2D\Direct2D.cpp(368,6): warning C4101: 'hdc' :참조되지 않은 지역 변수입니다.
  (소스 파일 '/Direct2D.cpp'을(를) 컴파일하는 중)
  
C:\Users\Administrator\Source\Repos\CompterGraphics01\WindowsPrograming\Direct2D_Overlap\Direct2D\Direct2D.cpp(367,14): warning C4101: 'ps' :참조되지 않은 지역 변수입니다.
  (소스 파일 '/Direct2D.cpp'을(를) 컴파일하는 중)
  
C:\Users\Administrator\Source\Repos\CompterGraphics01\WindowsPrograming\Direct2D_Overlap\Direct2D\Direct2D.cpp(366,12): warning C4101: 'wmEvent' :참조되지 않은 지역 변수입니다.
  (소스 파일 '/Direct2D.cpp'을(를) 컴파일하는 중)
  
C:\Users\Administrator\Source\Repos\CompterGraphics01\WindowsPrograming\Direct2D_Overlap\Direct2D\Direct2D.cpp(366,6): warning C4101: 'wmId' :참조되지 않은 지역 변수입니다.
  (소스 파일 '/Direct2D.cpp'을(를) 컴파일하는 중)
  
C:\Users\Administrator\Source\Repos\CompterGraphics01\WindowsPrograming\Direct2D_Overlap\Direct2D\Direct2D.cpp(491,54): warning C4244: '인수': 'FLOAT'에서 'int'(으)로 변환하면서 데이터가 손실될 수 있습니다.
  (소스 파일 '/Direct2D.cpp'을(를) 컴파일하는 중)
  
C:\Users\Administrator\Source\Repos\CompterGraphics01\WindowsPrograming\Direct2D_Overlap\Direct2D\Direct2D.cpp(491,38): warning C4244: '인수': 'FLOAT'에서 'int'(으)로 변환하면서 데이터가 손실될 수 있습니다.
  (소스 파일 '/Direct2D.cpp'을(를) 컴파일하는 중)
  
  코드를 생성하고 있습니다.
  Previous IPDB not found, fall back to full compilation.
  All 54 functions were compiled because no usable IPDB/IOBJ from previous compilation was found.
  코드를 생성했습니다.
  Direct2D.vcxproj -> C:\Users\Administrator\Source\Repos\CompterGraphics01\WindowsPrograming\Direct2D_Overlap\Release\Direct2D.exe
