c:\users\khg\documents\driect2d\direct2d_addimage\direct2d\debug\direct2d.pch
c:\users\khg\documents\driect2d\direct2d_addimage\direct2d\debug\vc141.pdb
c:\users\khg\documents\driect2d\direct2d_addimage\direct2d\debug\vc141.idb
c:\users\khg\documents\driect2d\direct2d_addimage\direct2d\debug\stdafx.obj
c:\users\khg\documents\driect2d\direct2d_addimage\direct2d\debug\direct2d.obj
c:\users\khg\documents\driect2d\direct2d_addimage\debug\direct2d.exe
c:\users\khg\documents\driect2d\direct2d_addimage\debug\direct2d.ilk
c:\users\khg\documents\driect2d\direct2d_addimage\debug\direct2d.pdb
c:\users\khg\documents\driect2d\direct2d_addimage\direct2d\debug\direct2d.res
c:\users\khg\documents\driect2d\direct2d_overlap\direct2d\debug\direct2d.obj
c:\users\khg\documents\driect2d\direct2d_overlap\direct2d\debug\stdafx.obj
c:\users\khg\documents\driect2d\direct2d_overlap\direct2d\debug\direct2d.res
c:\users\khg\documents\driect2d\direct2d_overlap\direct2d\debug\direct2d.pch
c:\users\khg\documents\driect2d\direct2d_overlap\direct2d\debug\vc141.idb
c:\users\khg\documents\driect2d\direct2d_overlap\direct2d\debug\vc141.pdb
c:\users\khg\documents\driect2d\direct2d_overlap\debug\direct2d.pdb
c:\users\khg\documents\driect2d\direct2d_overlap\debug\direct2d.exe
c:\users\khg\documents\driect2d\direct2d_overlap\debug\direct2d.ilk
c:\users\khg\documents\driect2d\direct2d_overlap\direct2d\debug\direct2d.tlog\cl.command.1.tlog
c:\users\khg\documents\driect2d\direct2d_overlap\direct2d\debug\direct2d.tlog\cl.read.1.tlog
c:\users\khg\documents\driect2d\direct2d_overlap\direct2d\debug\direct2d.tlog\cl.write.1.tlog
c:\users\khg\documents\driect2d\direct2d_overlap\direct2d\debug\direct2d.tlog\link.command.1.tlog
c:\users\khg\documents\driect2d\direct2d_overlap\direct2d\debug\direct2d.tlog\link.read.1.tlog
c:\users\khg\documents\driect2d\direct2d_overlap\direct2d\debug\direct2d.tlog\link.write.1.tlog
c:\users\khg\documents\driect2d\direct2d_overlap\direct2d\debug\direct2d.tlog\rc.command.1.tlog
c:\users\khg\documents\driect2d\direct2d_overlap\direct2d\debug\direct2d.tlog\rc.read.1.tlog
c:\users\khg\documents\driect2d\direct2d_overlap\direct2d\debug\direct2d.tlog\rc.write.1.tlog
